Started GET "/" for 127.0.0.1 at 2017-02-13 11:31:14 +0000
Processing by Rails::WelcomeController#index as HTML
  Parameters: {"internal"=>true}
  Rendering /usr/local/opt/rbenv/versions/2.3.3/lib/ruby/gems/2.3.0/gems/railties-5.0.1/lib/rails/templates/rails/welcome/index.html.erb
  Rendered /usr/local/opt/rbenv/versions/2.3.3/lib/ruby/gems/2.3.0/gems/railties-5.0.1/lib/rails/templates/rails/welcome/index.html.erb (2.8ms)
Completed 200 OK in 16ms (Views: 6.0ms | ActiveRecord: 0.0ms)


Started GET "/" for 127.0.0.1 at 2017-02-13 11:44:03 +0000
Processing by Rails::WelcomeController#index as HTML
  Parameters: {"internal"=>true}
  Rendering /usr/local/opt/rbenv/versions/2.3.3/lib/ruby/gems/2.3.0/gems/railties-5.0.1/lib/rails/templates/rails/welcome/index.html.erb
  Rendered /usr/local/opt/rbenv/versions/2.3.3/lib/ruby/gems/2.3.0/gems/railties-5.0.1/lib/rails/templates/rails/welcome/index.html.erb (4.8ms)
Completed 200 OK in 16ms (Views: 7.9ms | ActiveRecord: 0.0ms)


Started GET "/ask" for 127.0.0.1 at 2017-02-13 11:44:11 +0000
Processing by CoachingController#ask as HTML
  Rendering coaching/ask.html.erb within layouts/application
  Rendered coaching/ask.html.erb within layouts/application (1.3ms)
Completed 200 OK in 1003ms (Views: 1002.3ms | ActiveRecord: 0.0ms)


Started GET "/answer" for 127.0.0.1 at 2017-02-13 11:44:21 +0000
Processing by CoachingController#answer as HTML
  Rendering coaching/answer.html.erb within layouts/application
  Rendered coaching/answer.html.erb within layouts/application (3.0ms)
Completed 200 OK in 49ms (Views: 45.6ms | ActiveRecord: 0.0ms)


Started GET "/answer" for 127.0.0.1 at 2017-02-13 11:55:13 +0000
Processing by CoachingController#answer as HTML
  Rendering coaching/answer.html.erb within layouts/application
  Rendered coaching/answer.html.erb within layouts/application (0.7ms)
Completed 200 OK in 31ms (Views: 30.1ms | ActiveRecord: 0.0ms)


Started GET "/ask" for 127.0.0.1 at 2017-02-13 11:55:19 +0000
Processing by CoachingController#ask as HTML
  Rendering coaching/ask.html.erb within layouts/application
  Rendered coaching/ask.html.erb within layouts/application (0.5ms)
Completed 200 OK in 35ms (Views: 32.8ms | ActiveRecord: 0.0ms)


Started GET "/ask" for 127.0.0.1 at 2017-02-13 11:56:04 +0000
Processing by CoachingController#ask as HTML
  Rendering coaching/ask.html.erb within layouts/application
  Rendered coaching/ask.html.erb within layouts/application (1.3ms)
Completed 200 OK in 49ms (Views: 44.9ms | ActiveRecord: 0.0ms)


Started GET "/ask" for 127.0.0.1 at 2017-02-13 11:58:57 +0000
Processing by CoachingController#ask as HTML
  Rendering coaching/ask.html.erb within layouts/application
  Rendered coaching/ask.html.erb within layouts/application (0.5ms)
Completed 200 OK in 28ms (Views: 27.0ms | ActiveRecord: 0.0ms)


Started GET "/answer?%3F%3F%3F=kjhkjh" for 127.0.0.1 at 2017-02-13 11:59:02 +0000
Processing by CoachingController#answer as HTML
  Parameters: {"???"=>"kjhkjh"}
  Rendering coaching/answer.html.erb within layouts/application
  Rendered coaching/answer.html.erb within layouts/application (0.8ms)
Completed 200 OK in 33ms (Views: 30.8ms | ActiveRecord: 0.0ms)


Started GET "/answer?%3F%3F%3F=kjhkjh" for 127.0.0.1 at 2017-02-13 12:05:31 +0000
Processing by CoachingController#answer as HTML
  Parameters: {"???"=>"kjhkjh"}
  Rendering coaching/answer.html.erb within layouts/application
  Rendered coaching/answer.html.erb within layouts/application (1.0ms)
Completed 200 OK in 29ms (Views: 27.4ms | ActiveRecord: 0.0ms)


Started GET "/ask" for 127.0.0.1 at 2017-02-13 12:05:34 +0000
Processing by CoachingController#ask as HTML
  Rendering coaching/ask.html.erb within layouts/application
  Rendered coaching/ask.html.erb within layouts/application (0.5ms)
Completed 200 OK in 30ms (Views: 28.4ms | ActiveRecord: 0.0ms)


Started GET "/ask" for 127.0.0.1 at 2017-02-13 12:13:16 +0000
  
LoadError (cannot load such file -- /home/diogofgr/code/diogofgr/rails-stupid-coaching/app/controllers/coach_answer.rb):
  
app/controllers/coaching_controller.rb:1:in `require_relative'
app/controllers/coaching_controller.rb:1:in `<top (required)>'
  Rendering /usr/local/opt/rbenv/versions/2.3.3/lib/ruby/gems/2.3.0/gems/actionpack-5.0.1/lib/action_dispatch/middleware/templates/rescues/diagnostics.html.erb within rescues/layout
  Rendering /usr/local/opt/rbenv/versions/2.3.3/lib/ruby/gems/2.3.0/gems/actionpack-5.0.1/lib/action_dispatch/middleware/templates/rescues/_source.html.erb
  Rendered /usr/local/opt/rbenv/versions/2.3.3/lib/ruby/gems/2.3.0/gems/actionpack-5.0.1/lib/action_dispatch/middleware/templates/rescues/_source.html.erb (3.3ms)
  Rendering /usr/local/opt/rbenv/versions/2.3.3/lib/ruby/gems/2.3.0/gems/actionpack-5.0.1/lib/action_dispatch/middleware/templates/rescues/_trace.html.erb
  Rendered /usr/local/opt/rbenv/versions/2.3.3/lib/ruby/gems/2.3.0/gems/actionpack-5.0.1/lib/action_dispatch/middleware/templates/rescues/_trace.html.erb (1.6ms)
  Rendering /usr/local/opt/rbenv/versions/2.3.3/lib/ruby/gems/2.3.0/gems/actionpack-5.0.1/lib/action_dispatch/middleware/templates/rescues/_request_and_response.html.erb
  Rendered /usr/local/opt/rbenv/versions/2.3.3/lib/ruby/gems/2.3.0/gems/actionpack-5.0.1/lib/action_dispatch/middleware/templates/rescues/_request_and_response.html.erb (9.2ms)
  Rendered /usr/local/opt/rbenv/versions/2.3.3/lib/ruby/gems/2.3.0/gems/actionpack-5.0.1/lib/action_dispatch/middleware/templates/rescues/diagnostics.html.erb within rescues/layout (34.7ms)
Started GET "/ask" for 127.0.0.1 at 2017-02-13 12:15:09 +0000
Processing by CoachingController#ask as HTML
  Rendering coaching/ask.html.erb within layouts/application
  Rendered coaching/ask.html.erb within layouts/application (1.6ms)
Completed 200 OK in 304ms (Views: 302.9ms | ActiveRecord: 0.0ms)


Started GET "/ask" for 127.0.0.1 at 2017-02-13 12:15:24 +0000
Processing by CoachingController#ask as HTML
  Rendering coaching/ask.html.erb within layouts/application
  Rendered coaching/ask.html.erb within layouts/application (0.4ms)
Completed 200 OK in 50ms (Views: 48.8ms | ActiveRecord: 0.0ms)


Started GET "/answer?query=asdasd" for 127.0.0.1 at 2017-02-13 12:15:32 +0000
Processing by CoachingController#answer as HTML
  Parameters: {"query"=>"asdasd"}
  Rendering coaching/answer.html.erb within layouts/application
  Rendered coaching/answer.html.erb within layouts/application (0.8ms)
Completed 200 OK in 39ms (Views: 36.9ms | ActiveRecord: 0.0ms)


Started GET "/answer?query=asdasd" for 127.0.0.1 at 2017-02-13 12:21:02 +0000
Processing by CoachingController#answer as HTML
  Parameters: {"query"=>"asdasd"}
Completed 500 Internal Server Error in 1ms (ActiveRecord: 0.0ms)


  
ArgumentError (wrong number of arguments (given 0, expected 1)):
  
app/controllers/coaching_controller.rb:3:in `answer'
  Rendering /usr/local/opt/rbenv/versions/2.3.3/lib/ruby/gems/2.3.0/gems/actionpack-5.0.1/lib/action_dispatch/middleware/templates/rescues/diagnostics.html.erb within rescues/layout
  Rendering /usr/local/opt/rbenv/versions/2.3.3/lib/ruby/gems/2.3.0/gems/actionpack-5.0.1/lib/action_dispatch/middleware/templates/rescues/_source.html.erb
  Rendered /usr/local/opt/rbenv/versions/2.3.3/lib/ruby/gems/2.3.0/gems/actionpack-5.0.1/lib/action_dispatch/middleware/templates/rescues/_source.html.erb (2.2ms)
  Rendering /usr/local/opt/rbenv/versions/2.3.3/lib/ruby/gems/2.3.0/gems/actionpack-5.0.1/lib/action_dispatch/middleware/templates/rescues/_trace.html.erb
  Rendered /usr/local/opt/rbenv/versions/2.3.3/lib/ruby/gems/2.3.0/gems/actionpack-5.0.1/lib/action_dispatch/middleware/templates/rescues/_trace.html.erb (1.3ms)
  Rendering /usr/local/opt/rbenv/versions/2.3.3/lib/ruby/gems/2.3.0/gems/actionpack-5.0.1/lib/action_dispatch/middleware/templates/rescues/_request_and_response.html.erb
  Rendered /usr/local/opt/rbenv/versions/2.3.3/lib/ruby/gems/2.3.0/gems/actionpack-5.0.1/lib/action_dispatch/middleware/templates/rescues/_request_and_response.html.erb (0.8ms)
  Rendered /usr/local/opt/rbenv/versions/2.3.3/lib/ruby/gems/2.3.0/gems/actionpack-5.0.1/lib/action_dispatch/middleware/templates/rescues/diagnostics.html.erb within rescues/layout (19.9ms)
Started GET "/answer?query=asdasd" for 127.0.0.1 at 2017-02-13 12:21:21 +0000
Processing by CoachingController#answer as HTML
  Parameters: {"query"=>"asdasd"}
  Rendering coaching/answer.html.erb within layouts/application
  Rendered coaching/answer.html.erb within layouts/application (0.8ms)
Completed 200 OK in 32ms (Views: 29.8ms | ActiveRecord: 0.0ms)


Started GET "/ask" for 127.0.0.1 at 2017-02-13 12:21:30 +0000
Processing by CoachingController#ask as HTML
  Rendering coaching/ask.html.erb within layouts/application
  Rendered coaching/ask.html.erb within layouts/application (0.5ms)
Completed 200 OK in 37ms (Views: 35.1ms | ActiveRecord: 0.0ms)


Started GET "/answer?query=Hi" for 127.0.0.1 at 2017-02-13 12:21:33 +0000
Processing by CoachingController#answer as HTML
  Parameters: {"query"=>"Hi"}
  Rendering coaching/answer.html.erb within layouts/application
  Rendered coaching/answer.html.erb within layouts/application (1.5ms)
Completed 200 OK in 40ms (Views: 36.4ms | ActiveRecord: 0.0ms)


Started GET "/answer?query=Hi" for 127.0.0.1 at 2017-02-13 12:23:10 +0000
Processing by CoachingController#answer as HTML
  Parameters: {"query"=>"Hi"}
  Rendering coaching/answer.html.erb within layouts/application
  Rendered coaching/answer.html.erb within layouts/application (2.0ms)
Completed 200 OK in 78ms (Views: 73.0ms | ActiveRecord: 0.0ms)


Started GET "/answer?query=Hi" for 127.0.0.1 at 2017-02-13 12:25:34 +0000
Processing by CoachingController#answer as HTML
  Parameters: {"query"=>"Hi"}
Completed 500 Internal Server Error in 43ms (ActiveRecord: 0.0ms)


  
NoMethodError (undefined method `coach_answer' for #<CoachingController:0x007fac9ca9fe20>):
  
app/controllers/coaching_controller.rb:5:in `answer'
  Rendering /usr/local/opt/rbenv/versions/2.3.3/lib/ruby/gems/2.3.0/gems/actionpack-5.0.1/lib/action_dispatch/middleware/templates/rescues/diagnostics.html.erb within rescues/layout
  Rendering /usr/local/opt/rbenv/versions/2.3.3/lib/ruby/gems/2.3.0/gems/actionpack-5.0.1/lib/action_dispatch/middleware/templates/rescues/_source.html.erb
  Rendered /usr/local/opt/rbenv/versions/2.3.3/lib/ruby/gems/2.3.0/gems/actionpack-5.0.1/lib/action_dispatch/middleware/templates/rescues/_source.html.erb (2.6ms)
  Rendering /usr/local/opt/rbenv/versions/2.3.3/lib/ruby/gems/2.3.0/gems/actionpack-5.0.1/lib/action_dispatch/middleware/templates/rescues/_trace.html.erb
  Rendered /usr/local/opt/rbenv/versions/2.3.3/lib/ruby/gems/2.3.0/gems/actionpack-5.0.1/lib/action_dispatch/middleware/templates/rescues/_trace.html.erb (1.3ms)
  Rendering /usr/local/opt/rbenv/versions/2.3.3/lib/ruby/gems/2.3.0/gems/actionpack-5.0.1/lib/action_dispatch/middleware/templates/rescues/_request_and_response.html.erb
  Rendered /usr/local/opt/rbenv/versions/2.3.3/lib/ruby/gems/2.3.0/gems/actionpack-5.0.1/lib/action_dispatch/middleware/templates/rescues/_request_and_response.html.erb (0.7ms)
  Rendered /usr/local/opt/rbenv/versions/2.3.3/lib/ruby/gems/2.3.0/gems/actionpack-5.0.1/lib/action_dispatch/middleware/templates/rescues/diagnostics.html.erb within rescues/layout (58.1ms)
Started GET "/answer?query=Hi" for 127.0.0.1 at 2017-02-13 12:26:25 +0000
  
ActionController::RoutingError (undefined local variable or method `require_rel' for main:Object
Did you mean?  require_relative):
  
app/controllers/coaching_controller.rb:1:in `<top (required)>'
  Rendering /usr/local/opt/rbenv/versions/2.3.3/lib/ruby/gems/2.3.0/gems/actionpack-5.0.1/lib/action_dispatch/middleware/templates/rescues/routing_error.html.erb within rescues/layout
  Rendering /usr/local/opt/rbenv/versions/2.3.3/lib/ruby/gems/2.3.0/gems/actionpack-5.0.1/lib/action_dispatch/middleware/templates/rescues/_trace.html.erb
  Rendered /usr/local/opt/rbenv/versions/2.3.3/lib/ruby/gems/2.3.0/gems/actionpack-5.0.1/lib/action_dispatch/middleware/templates/rescues/_trace.html.erb (2.4ms)
  Rendered collection of /usr/local/opt/rbenv/versions/2.3.3/lib/ruby/gems/2.3.0/gems/actionpack-5.0.1/lib/action_dispatch/middleware/templates/routes/_route.html.erb [2 times] (5.9ms)
  Rendered /usr/local/opt/rbenv/versions/2.3.3/lib/ruby/gems/2.3.0/gems/actionpack-5.0.1/lib/action_dispatch/middleware/templates/routes/_table.html.erb (8.1ms)
  Rendering /usr/local/opt/rbenv/versions/2.3.3/lib/ruby/gems/2.3.0/gems/actionpack-5.0.1/lib/action_dispatch/middleware/templates/rescues/_request_and_response.html.erb
  Rendered /usr/local/opt/rbenv/versions/2.3.3/lib/ruby/gems/2.3.0/gems/actionpack-5.0.1/lib/action_dispatch/middleware/templates/rescues/_request_and_response.html.erb (1.8ms)
  Rendered /usr/local/opt/rbenv/versions/2.3.3/lib/ruby/gems/2.3.0/gems/actionpack-5.0.1/lib/action_dispatch/middleware/templates/rescues/routing_error.html.erb within rescues/layout (45.0ms)
Started GET "/answer?query=Hi" for 127.0.0.1 at 2017-02-13 12:26:37 +0000
  
LoadError (cannot load such file -- /home/diogofgr/code/diogofgr/rails-stupid-coaching/app/controllers/coach_answer):
  
app/controllers/coaching_controller.rb:1:in `require_relative'
app/controllers/coaching_controller.rb:1:in `<top (required)>'
  Rendering /usr/local/opt/rbenv/versions/2.3.3/lib/ruby/gems/2.3.0/gems/actionpack-5.0.1/lib/action_dispatch/middleware/templates/rescues/diagnostics.html.erb within rescues/layout
  Rendering /usr/local/opt/rbenv/versions/2.3.3/lib/ruby/gems/2.3.0/gems/actionpack-5.0.1/lib/action_dispatch/middleware/templates/rescues/_source.html.erb
  Rendered /usr/local/opt/rbenv/versions/2.3.3/lib/ruby/gems/2.3.0/gems/actionpack-5.0.1/lib/action_dispatch/middleware/templates/rescues/_source.html.erb (2.3ms)
  Rendering /usr/local/opt/rbenv/versions/2.3.3/lib/ruby/gems/2.3.0/gems/actionpack-5.0.1/lib/action_dispatch/middleware/templates/rescues/_trace.html.erb
  Rendered /usr/local/opt/rbenv/versions/2.3.3/lib/ruby/gems/2.3.0/gems/actionpack-5.0.1/lib/action_dispatch/middleware/templates/rescues/_trace.html.erb (1.5ms)
  Rendering /usr/local/opt/rbenv/versions/2.3.3/lib/ruby/gems/2.3.0/gems/actionpack-5.0.1/lib/action_dispatch/middleware/templates/rescues/_request_and_response.html.erb
  Rendered /usr/local/opt/rbenv/versions/2.3.3/lib/ruby/gems/2.3.0/gems/actionpack-5.0.1/lib/action_dispatch/middleware/templates/rescues/_request_and_response.html.erb (1.5ms)
  Rendered /usr/local/opt/rbenv/versions/2.3.3/lib/ruby/gems/2.3.0/gems/actionpack-5.0.1/lib/action_dispatch/middleware/templates/rescues/diagnostics.html.erb within rescues/layout (23.2ms)
Started GET "/answer?query=Hi" for 127.0.0.1 at 2017-02-13 12:27:04 +0000
  
LoadError (cannot load such file -- /home/diogofgr/code/diogofgr/rails-stupid-coaching/coach_answer):
  
app/controllers/coaching_controller.rb:1:in `require_relative'
app/controllers/coaching_controller.rb:1:in `<top (required)>'
  Rendering /usr/local/opt/rbenv/versions/2.3.3/lib/ruby/gems/2.3.0/gems/actionpack-5.0.1/lib/action_dispatch/middleware/templates/rescues/diagnostics.html.erb within rescues/layout
  Rendering /usr/local/opt/rbenv/versions/2.3.3/lib/ruby/gems/2.3.0/gems/actionpack-5.0.1/lib/action_dispatch/middleware/templates/rescues/_source.html.erb
  Rendered /usr/local/opt/rbenv/versions/2.3.3/lib/ruby/gems/2.3.0/gems/actionpack-5.0.1/lib/action_dispatch/middleware/templates/rescues/_source.html.erb (3.4ms)
  Rendering /usr/local/opt/rbenv/versions/2.3.3/lib/ruby/gems/2.3.0/gems/actionpack-5.0.1/lib/action_dispatch/middleware/templates/rescues/_trace.html.erb
  Rendered /usr/local/opt/rbenv/versions/2.3.3/lib/ruby/gems/2.3.0/gems/actionpack-5.0.1/lib/action_dispatch/middleware/templates/rescues/_trace.html.erb (1.2ms)
  Rendering /usr/local/opt/rbenv/versions/2.3.3/lib/ruby/gems/2.3.0/gems/actionpack-5.0.1/lib/action_dispatch/middleware/templates/rescues/_request_and_response.html.erb
  Rendered /usr/local/opt/rbenv/versions/2.3.3/lib/ruby/gems/2.3.0/gems/actionpack-5.0.1/lib/action_dispatch/middleware/templates/rescues/_request_and_response.html.erb (0.8ms)
  Rendered /usr/local/opt/rbenv/versions/2.3.3/lib/ruby/gems/2.3.0/gems/actionpack-5.0.1/lib/action_dispatch/middleware/templates/rescues/diagnostics.html.erb within rescues/layout (22.4ms)
Started GET "/answer?query=Hi" for 127.0.0.1 at 2017-02-13 12:27:33 +0000
Processing by CoachingController#answer as HTML
  Parameters: {"query"=>"Hi"}
Completed 500 Internal Server Error in 4ms (ActiveRecord: 0.0ms)


  
NoMethodError (undefined method `size' for nil:NilClass):
  
lib/coach_answer.rb:5:in `coach_answer'
app/controllers/coaching_controller.rb:7:in `answer'
  Rendering /usr/local/opt/rbenv/versions/2.3.3/lib/ruby/gems/2.3.0/gems/actionpack-5.0.1/lib/action_dispatch/middleware/templates/rescues/diagnostics.html.erb within rescues/layout
  Rendering /usr/local/opt/rbenv/versions/2.3.3/lib/ruby/gems/2.3.0/gems/actionpack-5.0.1/lib/action_dispatch/middleware/templates/rescues/_source.html.erb
  Rendered /usr/local/opt/rbenv/versions/2.3.3/lib/ruby/gems/2.3.0/gems/actionpack-5.0.1/lib/action_dispatch/middleware/templates/rescues/_source.html.erb (2.5ms)
  Rendering /usr/local/opt/rbenv/versions/2.3.3/lib/ruby/gems/2.3.0/gems/actionpack-5.0.1/lib/action_dispatch/middleware/templates/rescues/_trace.html.erb
  Rendered /usr/local/opt/rbenv/versions/2.3.3/lib/ruby/gems/2.3.0/gems/actionpack-5.0.1/lib/action_dispatch/middleware/templates/rescues/_trace.html.erb (2.2ms)
  Rendering /usr/local/opt/rbenv/versions/2.3.3/lib/ruby/gems/2.3.0/gems/actionpack-5.0.1/lib/action_dispatch/middleware/templates/rescues/_request_and_response.html.erb
  Rendered /usr/local/opt/rbenv/versions/2.3.3/lib/ruby/gems/2.3.0/gems/actionpack-5.0.1/lib/action_dispatch/middleware/templates/rescues/_request_and_response.html.erb (0.7ms)
  Rendered /usr/local/opt/rbenv/versions/2.3.3/lib/ruby/gems/2.3.0/gems/actionpack-5.0.1/lib/action_dispatch/middleware/templates/rescues/diagnostics.html.erb within rescues/layout (23.8ms)
Started GET "/ask" for 127.0.0.1 at 2017-02-13 12:27:45 +0000
Processing by CoachingController#ask as HTML
  Rendering coaching/ask.html.erb within layouts/application
  Rendered coaching/ask.html.erb within layouts/application (0.4ms)
Completed 200 OK in 36ms (Views: 31.4ms | ActiveRecord: 0.0ms)


Started GET "/answer?query=Hello" for 127.0.0.1 at 2017-02-13 12:27:49 +0000
Processing by CoachingController#answer as HTML
  Parameters: {"query"=>"Hello"}
Completed 500 Internal Server Error in 4ms (ActiveRecord: 0.0ms)


  
NoMethodError (undefined method `size' for nil:NilClass):
  
lib/coach_answer.rb:5:in `coach_answer'
app/controllers/coaching_controller.rb:7:in `answer'
  Rendering /usr/local/opt/rbenv/versions/2.3.3/lib/ruby/gems/2.3.0/gems/actionpack-5.0.1/lib/action_dispatch/middleware/templates/rescues/diagnostics.html.erb within rescues/layout
  Rendering /usr/local/opt/rbenv/versions/2.3.3/lib/ruby/gems/2.3.0/gems/actionpack-5.0.1/lib/action_dispatch/middleware/templates/rescues/_source.html.erb
  Rendered /usr/local/opt/rbenv/versions/2.3.3/lib/ruby/gems/2.3.0/gems/actionpack-5.0.1/lib/action_dispatch/middleware/templates/rescues/_source.html.erb (2.6ms)
  Rendering /usr/local/opt/rbenv/versions/2.3.3/lib/ruby/gems/2.3.0/gems/actionpack-5.0.1/lib/action_dispatch/middleware/templates/rescues/_trace.html.erb
  Rendered /usr/local/opt/rbenv/versions/2.3.3/lib/ruby/gems/2.3.0/gems/actionpack-5.0.1/lib/action_dispatch/middleware/templates/rescues/_trace.html.erb (1.4ms)
  Rendering /usr/local/opt/rbenv/versions/2.3.3/lib/ruby/gems/2.3.0/gems/actionpack-5.0.1/lib/action_dispatch/middleware/templates/rescues/_request_and_response.html.erb
  Rendered /usr/local/opt/rbenv/versions/2.3.3/lib/ruby/gems/2.3.0/gems/actionpack-5.0.1/lib/action_dispatch/middleware/templates/rescues/_request_and_response.html.erb (0.7ms)
  Rendered /usr/local/opt/rbenv/versions/2.3.3/lib/ruby/gems/2.3.0/gems/actionpack-5.0.1/lib/action_dispatch/middleware/templates/rescues/diagnostics.html.erb within rescues/layout (23.6ms)
Started GET "/answer?query=Hello" for 127.0.0.1 at 2017-02-13 12:28:25 +0000
Processing by CoachingController#answer as HTML
  Parameters: {"query"=>"Hello"}
Completed 500 Internal Server Error in 4ms (ActiveRecord: 0.0ms)


  
NoMethodError (undefined method `size' for nil:NilClass):
  
lib/coach_answer.rb:5:in `coach_answer'
app/controllers/coaching_controller.rb:7:in `answer'
  Rendering /usr/local/opt/rbenv/versions/2.3.3/lib/ruby/gems/2.3.0/gems/actionpack-5.0.1/lib/action_dispatch/middleware/templates/rescues/diagnostics.html.erb within rescues/layout
  Rendering /usr/local/opt/rbenv/versions/2.3.3/lib/ruby/gems/2.3.0/gems/actionpack-5.0.1/lib/action_dispatch/middleware/templates/rescues/_source.html.erb
  Rendered /usr/local/opt/rbenv/versions/2.3.3/lib/ruby/gems/2.3.0/gems/actionpack-5.0.1/lib/action_dispatch/middleware/templates/rescues/_source.html.erb (4.1ms)
  Rendering /usr/local/opt/rbenv/versions/2.3.3/lib/ruby/gems/2.3.0/gems/actionpack-5.0.1/lib/action_dispatch/middleware/templates/rescues/_trace.html.erb
  Rendered /usr/local/opt/rbenv/versions/2.3.3/lib/ruby/gems/2.3.0/gems/actionpack-5.0.1/lib/action_dispatch/middleware/templates/rescues/_trace.html.erb (1.2ms)
  Rendering /usr/local/opt/rbenv/versions/2.3.3/lib/ruby/gems/2.3.0/gems/actionpack-5.0.1/lib/action_dispatch/middleware/templates/rescues/_request_and_response.html.erb
  Rendered /usr/local/opt/rbenv/versions/2.3.3/lib/ruby/gems/2.3.0/gems/actionpack-5.0.1/lib/action_dispatch/middleware/templates/rescues/_request_and_response.html.erb (0.9ms)
  Rendered /usr/local/opt/rbenv/versions/2.3.3/lib/ruby/gems/2.3.0/gems/actionpack-5.0.1/lib/action_dispatch/middleware/templates/rescues/diagnostics.html.erb within rescues/layout (25.0ms)
Started GET "/answer?query=Hello" for 127.0.0.1 at 2017-02-13 12:28:43 +0000
Processing by CoachingController#answer as HTML
  Parameters: {"query"=>"Hello"}
  Rendering coaching/answer.html.erb within layouts/application
  Rendered coaching/answer.html.erb within layouts/application (0.8ms)
Completed 200 OK in 34ms (Views: 32.5ms | ActiveRecord: 0.0ms)


Started GET "/answer?query=Hello" for 127.0.0.1 at 2017-02-13 12:29:41 +0000
Processing by CoachingController#answer as HTML
  Parameters: {"query"=>"Hello"}
  Rendering coaching/answer.html.erb within layouts/application
  Rendered coaching/answer.html.erb within layouts/application (2.1ms)
Completed 200 OK in 91ms (Views: 86.1ms | ActiveRecord: 0.0ms)


Started GET "/answer?query=Hello" for 127.0.0.1 at 2017-02-13 12:30:41 +0000
Processing by CoachingController#answer as HTML
  Parameters: {"query"=>"Hello"}
  Rendering coaching/answer.html.erb within layouts/application
  Rendered coaching/answer.html.erb within layouts/application (4.7ms)
Completed 200 OK in 109ms (Views: 104.0ms | ActiveRecord: 0.0ms)


Started GET "/answer?query=Hello" for 127.0.0.1 at 2017-02-13 12:31:05 +0000
Processing by CoachingController#answer as HTML
  Parameters: {"query"=>"Hello"}
  Rendering coaching/answer.html.erb within layouts/application
  Rendered coaching/answer.html.erb within layouts/application (0.5ms)
Completed 200 OK in 22ms (Views: 20.9ms | ActiveRecord: 0.0ms)


Started GET "/answer?query=Hello" for 127.0.0.1 at 2017-02-13 12:32:15 +0000
Processing by CoachingController#answer as HTML
  Parameters: {"query"=>"Hello"}
  Rendering coaching/answer.html.erb within layouts/application
  Rendered coaching/answer.html.erb within layouts/application (2.5ms)
Completed 200 OK in 58ms (Views: 52.5ms | ActiveRecord: 0.0ms)


Started GET "/answer?query=Hello" for 127.0.0.1 at 2017-02-13 12:32:18 +0000
Processing by CoachingController#answer as HTML
  Parameters: {"query"=>"Hello"}
  Rendering coaching/answer.html.erb within layouts/application
  Rendered coaching/answer.html.erb within layouts/application (0.8ms)
Completed 200 OK in 30ms (Views: 28.6ms | ActiveRecord: 0.0ms)


Started GET "/answer?query=Hello" for 127.0.0.1 at 2017-02-13 12:32:31 +0000
Processing by CoachingController#answer as HTML
  Parameters: {"query"=>"Hello"}
  Rendering coaching/answer.html.erb within layouts/application
  Rendered coaching/answer.html.erb within layouts/application (0.7ms)
Completed 200 OK in 25ms (Views: 24.0ms | ActiveRecord: 0.0ms)


Started GET "/answer?query=Hello" for 127.0.0.1 at 2017-02-13 12:32:33 +0000
Processing by CoachingController#answer as HTML
  Parameters: {"query"=>"Hello"}
  Rendering coaching/answer.html.erb within layouts/application
  Rendered coaching/answer.html.erb within layouts/application (0.8ms)
Completed 200 OK in 31ms (Views: 30.1ms | ActiveRecord: 0.0ms)


Started GET "/answer?query=Hello" for 127.0.0.1 at 2017-02-13 12:33:33 +0000
Processing by CoachingController#answer as HTML
  Parameters: {"query"=>"Hello"}
  Rendering coaching/answer.html.erb within layouts/application
  Rendered coaching/answer.html.erb within layouts/application (1.2ms)
Completed 200 OK in 45ms (Views: 39.9ms | ActiveRecord: 0.0ms)


Started GET "/answer?query=Hello" for 127.0.0.1 at 2017-02-13 12:33:47 +0000
Processing by CoachingController#answer as HTML
  Parameters: {"query"=>"Hello"}
  Rendering coaching/answer.html.erb within layouts/application
  Rendered coaching/answer.html.erb within layouts/application (3.1ms)
Completed 200 OK in 273ms (Views: 260.9ms | ActiveRecord: 0.0ms)


Started GET "/answer?query=Hello" for 127.0.0.1 at 2017-02-13 12:33:50 +0000
Processing by CoachingController#answer as HTML
  Parameters: {"query"=>"Hello"}
  Rendering coaching/answer.html.erb within layouts/application
  Rendered coaching/answer.html.erb within layouts/application (0.7ms)
Completed 200 OK in 54ms (Views: 53.3ms | ActiveRecord: 0.0ms)


Started GET "/answer?query=Hello" for 127.0.0.1 at 2017-02-13 12:34:54 +0000
Processing by CoachingController#answer as HTML
  Parameters: {"query"=>"Hello"}
  Rendering coaching/answer.html.erb within layouts/application
  Rendered coaching/answer.html.erb within layouts/application (0.6ms)
Completed 200 OK in 32ms (Views: 30.4ms | ActiveRecord: 0.0ms)


Started GET "/answer?query=Hello" for 127.0.0.1 at 2017-02-13 12:35:17 +0000
Processing by CoachingController#answer as HTML
  Parameters: {"query"=>"Hello"}
  Rendering coaching/answer.html.erb within layouts/application
  Rendered coaching/answer.html.erb within layouts/application (2.2ms)
Completed 200 OK in 90ms (Views: 85.4ms | ActiveRecord: 0.0ms)


Started GET "/answer?query=Hello" for 127.0.0.1 at 2017-02-13 12:37:12 +0000
Processing by CoachingController#answer as HTML
  Parameters: {"query"=>"Hello"}
  Rendering coaching/answer.html.erb within layouts/application
  Rendered coaching/answer.html.erb within layouts/application (0.5ms)
Completed 200 OK in 30ms (Views: 24.7ms | ActiveRecord: 0.0ms)


Started GET "/answer?query=Hello" for 127.0.0.1 at 2017-02-13 12:39:01 +0000
Processing by CoachingController#answer as HTML
  Parameters: {"query"=>"Hello"}
  Rendering coaching/answer.html.erb within layouts/application
  Rendered coaching/answer.html.erb within layouts/application (0.6ms)
Completed 200 OK in 29ms (Views: 27.6ms | ActiveRecord: 0.0ms)


Started GET "/answer?query=Hello" for 127.0.0.1 at 2017-02-13 12:39:24 +0000
Processing by CoachingController#answer as HTML
  Parameters: {"query"=>"Hello"}
  Rendering coaching/answer.html.erb within layouts/application
  Rendered coaching/answer.html.erb within layouts/application (0.5ms)
Completed 200 OK in 29ms (Views: 27.6ms | ActiveRecord: 0.0ms)


Started GET "/ask" for 127.0.0.1 at 2017-02-13 12:39:37 +0000
Processing by CoachingController#ask as HTML
  Rendering coaching/ask.html.erb within layouts/application
  Rendered coaching/ask.html.erb within layouts/application (0.6ms)
Completed 200 OK in 26ms (Views: 24.3ms | ActiveRecord: 0.0ms)


Started GET "/answer?query=Gogogog" for 127.0.0.1 at 2017-02-13 12:39:41 +0000
Processing by CoachingController#answer as HTML
  Parameters: {"query"=>"Gogogog"}
  Rendering coaching/answer.html.erb within layouts/application
  Rendered coaching/answer.html.erb within layouts/application (1.5ms)
Completed 200 OK in 30ms (Views: 26.9ms | ActiveRecord: 0.0ms)


Started GET "/answe" for 127.0.0.1 at 2017-02-13 12:41:23 +0000
  
ActionController::RoutingError (No route matches [GET] "/answe"):
  
actionpack (5.0.1) lib/action_dispatch/middleware/debug_exceptions.rb:53:in `call'
web-console (3.4.0) lib/web_console/middleware.rb:135:in `call_app'
web-console (3.4.0) lib/web_console/middleware.rb:28:in `block in call'
web-console (3.4.0) lib/web_console/middleware.rb:18:in `catch'
web-console (3.4.0) lib/web_console/middleware.rb:18:in `call'
actionpack (5.0.1) lib/action_dispatch/middleware/show_exceptions.rb:31:in `call'
railties (5.0.1) lib/rails/rack/logger.rb:36:in `call_app'
railties (5.0.1) lib/rails/rack/logger.rb:24:in `block in call'
activesupport (5.0.1) lib/active_support/tagged_logging.rb:69:in `block in tagged'
activesupport (5.0.1) lib/active_support/tagged_logging.rb:26:in `tagged'
activesupport (5.0.1) lib/active_support/tagged_logging.rb:69:in `tagged'
railties (5.0.1) lib/rails/rack/logger.rb:24:in `call'
sprockets-rails (3.2.0) lib/sprockets/rails/quiet_assets.rb:13:in `call'
actionpack (5.0.1) lib/action_dispatch/middleware/request_id.rb:24:in `call'
rack (2.0.1) lib/rack/method_override.rb:22:in `call'
rack (2.0.1) lib/rack/runtime.rb:22:in `call'
activesupport (5.0.1) lib/active_support/cache/strategy/local_cache_middleware.rb:28:in `call'
actionpack (5.0.1) lib/action_dispatch/middleware/executor.rb:12:in `call'
actionpack (5.0.1) lib/action_dispatch/middleware/static.rb:136:in `call'
rack (2.0.1) lib/rack/sendfile.rb:111:in `call'
railties (5.0.1) lib/rails/engine.rb:522:in `call'
puma (3.7.0) lib/puma/configuration.rb:226:in `call'
puma (3.7.0) lib/puma/server.rb:578:in `handle_request'
puma (3.7.0) lib/puma/server.rb:415:in `process_client'
puma (3.7.0) lib/puma/server.rb:275:in `block in run'
puma (3.7.0) lib/puma/thread_pool.rb:120:in `block in spawn_thread'
  Rendering /usr/local/opt/rbenv/versions/2.3.3/lib/ruby/gems/2.3.0/gems/actionpack-5.0.1/lib/action_dispatch/middleware/templates/rescues/routing_error.html.erb within rescues/layout
  Rendering /usr/local/opt/rbenv/versions/2.3.3/lib/ruby/gems/2.3.0/gems/actionpack-5.0.1/lib/action_dispatch/middleware/templates/rescues/_trace.html.erb
  Rendered /usr/local/opt/rbenv/versions/2.3.3/lib/ruby/gems/2.3.0/gems/actionpack-5.0.1/lib/action_dispatch/middleware/templates/rescues/_trace.html.erb (0.8ms)
  Rendered collection of /usr/local/opt/rbenv/versions/2.3.3/lib/ruby/gems/2.3.0/gems/actionpack-5.0.1/lib/action_dispatch/middleware/templates/routes/_route.html.erb [2 times] (1.5ms)
  Rendered /usr/local/opt/rbenv/versions/2.3.3/lib/ruby/gems/2.3.0/gems/actionpack-5.0.1/lib/action_dispatch/middleware/templates/routes/_table.html.erb (9.0ms)
  Rendering /usr/local/opt/rbenv/versions/2.3.3/lib/ruby/gems/2.3.0/gems/actionpack-5.0.1/lib/action_dispatch/middleware/templates/rescues/_request_and_response.html.erb
  Rendered /usr/local/opt/rbenv/versions/2.3.3/lib/ruby/gems/2.3.0/gems/actionpack-5.0.1/lib/action_dispatch/middleware/templates/rescues/_request_and_response.html.erb (1.2ms)
  Rendered /usr/local/opt/rbenv/versions/2.3.3/lib/ruby/gems/2.3.0/gems/actionpack-5.0.1/lib/action_dispatch/middleware/templates/rescues/routing_error.html.erb within rescues/layout (34.4ms)
Started GET "/answer" for 127.0.0.1 at 2017-02-13 12:41:27 +0000
Processing by CoachingController#answer as HTML
Completed 500 Internal Server Error in 2ms (ActiveRecord: 0.0ms)


  
NoMethodError (undefined method `size' for nil:NilClass):
  
lib/coach_answer.rb:6:in `coach_answer'
app/controllers/coaching_controller.rb:7:in `answer'
  Rendering /usr/local/opt/rbenv/versions/2.3.3/lib/ruby/gems/2.3.0/gems/actionpack-5.0.1/lib/action_dispatch/middleware/templates/rescues/diagnostics.html.erb within rescues/layout
  Rendering /usr/local/opt/rbenv/versions/2.3.3/lib/ruby/gems/2.3.0/gems/actionpack-5.0.1/lib/action_dispatch/middleware/templates/rescues/_source.html.erb
  Rendered /usr/local/opt/rbenv/versions/2.3.3/lib/ruby/gems/2.3.0/gems/actionpack-5.0.1/lib/action_dispatch/middleware/templates/rescues/_source.html.erb (3.9ms)
  Rendering /usr/local/opt/rbenv/versions/2.3.3/lib/ruby/gems/2.3.0/gems/actionpack-5.0.1/lib/action_dispatch/middleware/templates/rescues/_trace.html.erb
  Rendered /usr/local/opt/rbenv/versions/2.3.3/lib/ruby/gems/2.3.0/gems/actionpack-5.0.1/lib/action_dispatch/middleware/templates/rescues/_trace.html.erb (2.2ms)
  Rendering /usr/local/opt/rbenv/versions/2.3.3/lib/ruby/gems/2.3.0/gems/actionpack-5.0.1/lib/action_dispatch/middleware/templates/rescues/_request_and_response.html.erb
  Rendered /usr/local/opt/rbenv/versions/2.3.3/lib/ruby/gems/2.3.0/gems/actionpack-5.0.1/lib/action_dispatch/middleware/templates/rescues/_request_and_response.html.erb (0.6ms)
  Rendered /usr/local/opt/rbenv/versions/2.3.3/lib/ruby/gems/2.3.0/gems/actionpack-5.0.1/lib/action_dispatch/middleware/templates/rescues/diagnostics.html.erb within rescues/layout (27.7ms)
Started GET "/ask" for 127.0.0.1 at 2017-02-13 12:42:30 +0000
Processing by CoachingController#ask as HTML
  Rendering coaching/ask.html.erb within layouts/application
  Rendered coaching/ask.html.erb within layouts/application (0.5ms)
Completed 200 OK in 49ms (Views: 47.6ms | ActiveRecord: 0.0ms)


Started GET "/answer?query=kasjdhkjadsh" for 127.0.0.1 at 2017-02-13 12:42:34 +0000
Processing by CoachingController#answer as HTML
  Parameters: {"query"=>"kasjdhkjadsh"}
  Rendering coaching/answer.html.erb within layouts/application
  Rendered coaching/answer.html.erb within layouts/application (2.3ms)
Completed 200 OK in 91ms (Views: 88.1ms | ActiveRecord: 0.0ms)


Started GET "/answer?query=kasjdhkjadsh" for 127.0.0.1 at 2017-02-13 12:44:51 +0000
Processing by CoachingController#answer as HTML
  Parameters: {"query"=>"kasjdhkjadsh"}
  Rendering coaching/answer.html.erb within layouts/application
  Rendered coaching/answer.html.erb within layouts/application (0.7ms)
Completed 200 OK in 36ms (Views: 34.3ms | ActiveRecord: 0.0ms)


Started GET "/answer?query=kasjdhkjadsh" for 127.0.0.1 at 2017-02-13 12:45:24 +0000
Processing by CoachingController#answer as HTML
  Parameters: {"query"=>"kasjdhkjadsh"}
  Rendering coaching/answer.html.erb within layouts/application
  Rendered coaching/answer.html.erb within layouts/application (0.5ms)
Completed 200 OK in 25ms (Views: 23.8ms | ActiveRecord: 0.0ms)


Started GET "/answer?query=kasjdhkjadsh" for 127.0.0.1 at 2017-02-13 12:45:37 +0000
Processing by CoachingController#answer as HTML
  Parameters: {"query"=>"kasjdhkjadsh"}
  Rendering coaching/answer.html.erb within layouts/application
  Rendered coaching/answer.html.erb within layouts/application (0.9ms)
Completed 200 OK in 33ms (Views: 31.5ms | ActiveRecord: 0.0ms)


Started GET "/ask" for 127.0.0.1 at 2017-02-13 12:45:43 +0000
Processing by CoachingController#ask as HTML
  Rendering coaching/ask.html.erb within layouts/application
  Rendered coaching/ask.html.erb within layouts/application (1.4ms)
Completed 200 OK in 48ms (Views: 44.8ms | ActiveRecord: 0.0ms)


Started GET "/answer?query=ddsds" for 127.0.0.1 at 2017-02-13 12:45:46 +0000
Processing by CoachingController#answer as HTML
  Parameters: {"query"=>"ddsds"}
  Rendering coaching/answer.html.erb within layouts/application
  Rendered coaching/answer.html.erb within layouts/application (1.6ms)
Completed 200 OK in 34ms (Views: 31.7ms | ActiveRecord: 0.0ms)


Started GET "/answer?query=ddsds" for 127.0.0.1 at 2017-02-13 12:47:16 +0000
Processing by CoachingController#answer as HTML
  Parameters: {"query"=>"ddsds"}
Completed 500 Internal Server Error in 39ms (ActiveRecord: 0.0ms)


  
NoMethodError (undefined method `coach_says' for #<CoachingController:0x0055f363a9fd88>
Did you mean?  coach_answer):
  
app/controllers/coaching_controller.rb:7:in `answer'
  Rendering /usr/local/opt/rbenv/versions/2.3.3/lib/ruby/gems/2.3.0/gems/actionpack-5.0.1/lib/action_dispatch/middleware/templates/rescues/diagnostics.html.erb within rescues/layout
  Rendering /usr/local/opt/rbenv/versions/2.3.3/lib/ruby/gems/2.3.0/gems/actionpack-5.0.1/lib/action_dispatch/middleware/templates/rescues/_source.html.erb
  Rendered /usr/local/opt/rbenv/versions/2.3.3/lib/ruby/gems/2.3.0/gems/actionpack-5.0.1/lib/action_dispatch/middleware/templates/rescues/_source.html.erb (5.2ms)
  Rendering /usr/local/opt/rbenv/versions/2.3.3/lib/ruby/gems/2.3.0/gems/actionpack-5.0.1/lib/action_dispatch/middleware/templates/rescues/_trace.html.erb
  Rendered /usr/local/opt/rbenv/versions/2.3.3/lib/ruby/gems/2.3.0/gems/actionpack-5.0.1/lib/action_dispatch/middleware/templates/rescues/_trace.html.erb (1.1ms)
  Rendering /usr/local/opt/rbenv/versions/2.3.3/lib/ruby/gems/2.3.0/gems/actionpack-5.0.1/lib/action_dispatch/middleware/templates/rescues/_request_and_response.html.erb
  Rendered /usr/local/opt/rbenv/versions/2.3.3/lib/ruby/gems/2.3.0/gems/actionpack-5.0.1/lib/action_dispatch/middleware/templates/rescues/_request_and_response.html.erb (0.7ms)
  Rendered /usr/local/opt/rbenv/versions/2.3.3/lib/ruby/gems/2.3.0/gems/actionpack-5.0.1/lib/action_dispatch/middleware/templates/rescues/diagnostics.html.erb within rescues/layout (44.9ms)
Started GET "/answer?query=ddsds" for 127.0.0.1 at 2017-02-13 12:48:43 +0000
Processing by CoachingController#answer as HTML
  Parameters: {"query"=>"ddsds"}
Completed 500 Internal Server Error in 43ms (ActiveRecord: 0.0ms)


  
NoMethodError (undefined method `coach_says' for #<CoachingController:0x007ff98e030090>
Did you mean?  coach_answer):
  
app/controllers/coaching_controller.rb:7:in `answer'
  Rendering /usr/local/opt/rbenv/versions/2.3.3/lib/ruby/gems/2.3.0/gems/actionpack-5.0.1/lib/action_dispatch/middleware/templates/rescues/diagnostics.html.erb within rescues/layout
  Rendering /usr/local/opt/rbenv/versions/2.3.3/lib/ruby/gems/2.3.0/gems/actionpack-5.0.1/lib/action_dispatch/middleware/templates/rescues/_source.html.erb
  Rendered /usr/local/opt/rbenv/versions/2.3.3/lib/ruby/gems/2.3.0/gems/actionpack-5.0.1/lib/action_dispatch/middleware/templates/rescues/_source.html.erb (2.6ms)
  Rendering /usr/local/opt/rbenv/versions/2.3.3/lib/ruby/gems/2.3.0/gems/actionpack-5.0.1/lib/action_dispatch/middleware/templates/rescues/_trace.html.erb
  Rendered /usr/local/opt/rbenv/versions/2.3.3/lib/ruby/gems/2.3.0/gems/actionpack-5.0.1/lib/action_dispatch/middleware/templates/rescues/_trace.html.erb (2.2ms)
  Rendering /usr/local/opt/rbenv/versions/2.3.3/lib/ruby/gems/2.3.0/gems/actionpack-5.0.1/lib/action_dispatch/middleware/templates/rescues/_request_and_response.html.erb
  Rendered /usr/local/opt/rbenv/versions/2.3.3/lib/ruby/gems/2.3.0/gems/actionpack-5.0.1/lib/action_dispatch/middleware/templates/rescues/_request_and_response.html.erb (0.8ms)
  Rendered /usr/local/opt/rbenv/versions/2.3.3/lib/ruby/gems/2.3.0/gems/actionpack-5.0.1/lib/action_dispatch/middleware/templates/rescues/diagnostics.html.erb within rescues/layout (59.5ms)
Started GET "/answer?query=ddsds" for 127.0.0.1 at 2017-02-13 12:49:32 +0000
Processing by CoachingController#answer as HTML
  Parameters: {"query"=>"ddsds"}
  Rendering coaching/answer.html.erb within layouts/application
  Rendered coaching/answer.html.erb within layouts/application (1.1ms)
Completed 200 OK in 31ms (Views: 30.0ms | ActiveRecord: 0.0ms)


Started GET "/answer?query=ddsds" for 127.0.0.1 at 2017-02-13 12:51:00 +0000
Processing by CoachingController#answer as HTML
  Parameters: {"query"=>"ddsds"}
  Rendering coaching/answer.html.erb within layouts/application
  Rendered coaching/answer.html.erb within layouts/application (3.3ms)
Completed 200 OK in 77ms (Views: 71.3ms | ActiveRecord: 0.0ms)


Started GET "/answer?query=ddsds" for 127.0.0.1 at 2017-02-13 12:51:02 +0000
Processing by CoachingController#answer as HTML
  Parameters: {"query"=>"ddsds"}
  Rendering coaching/answer.html.erb within layouts/application
  Rendered coaching/answer.html.erb within layouts/application (2.4ms)
Completed 200 OK in 32ms (Views: 31.5ms | ActiveRecord: 0.0ms)


Started GET "/answer?query=ddsds" for 127.0.0.1 at 2017-02-13 12:51:14 +0000
Processing by CoachingController#answer as HTML
  Parameters: {"query"=>"ddsds"}
  Rendering coaching/answer.html.erb within layouts/application
  Rendered coaching/answer.html.erb within layouts/application (3.5ms)
Completed 200 OK in 57ms (Views: 51.4ms | ActiveRecord: 0.0ms)


Started GET "/ask" for 127.0.0.1 at 2017-02-13 12:51:50 +0000
Processing by CoachingController#ask as HTML
  Rendering coaching/ask.html.erb within layouts/application
  Rendered coaching/ask.html.erb within layouts/application (2.1ms)
Completed 200 OK in 236ms (Views: 226.5ms | ActiveRecord: 0.0ms)


Started GET "/answer?query=hjk" for 127.0.0.1 at 2017-02-13 12:51:55 +0000
Processing by CoachingController#answer as HTML
  Parameters: {"query"=>"hjk"}
  Rendering coaching/answer.html.erb within layouts/application
  Rendered coaching/answer.html.erb within layouts/application (2.3ms)
Completed 200 OK in 33ms (Views: 31.1ms | ActiveRecord: 0.0ms)


Started GET "/answer?query=hjk" for 127.0.0.1 at 2017-02-13 12:52:25 +0000
Processing by CoachingController#answer as HTML
  Parameters: {"query"=>"hjk"}
  Rendering coaching/answer.html.erb within layouts/application
  Rendered coaching/answer.html.erb within layouts/application (0.8ms)
Completed 200 OK in 72ms (Views: 30.0ms | ActiveRecord: 0.0ms)


Started GET "/ask" for 127.0.0.1 at 2017-02-13 12:54:14 +0000
Processing by CoachingController#ask as HTML
  Rendering coaching/ask.html.erb within layouts/application
  Rendered coaching/ask.html.erb within layouts/application (0.5ms)
Completed 200 OK in 30ms (Views: 28.3ms | ActiveRecord: 0.0ms)


Started GET "/answer?query=I+am+going+to+work+right+now%21" for 127.0.0.1 at 2017-02-13 12:54:44 +0000
Processing by CoachingController#answer as HTML
  Parameters: {"query"=>"I am going to work right now!"}
  Rendering coaching/answer.html.erb within layouts/application
  Rendered coaching/answer.html.erb within layouts/application (1.4ms)
Completed 200 OK in 45ms (Views: 42.1ms | ActiveRecord: 0.0ms)


Started GET "/answer?query=I+am+going+to+work+right+now%21" for 127.0.0.1 at 2017-02-13 12:55:24 +0000
Processing by CoachingController#answer as HTML
  Parameters: {"query"=>"I am going to work right now!"}
  Rendering coaching/answer.html.erb within layouts/application
  Rendered coaching/answer.html.erb within layouts/application (2.2ms)
Completed 200 OK in 98ms (Views: 93.4ms | ActiveRecord: 0.0ms)


Started GET "/answer?query=I+am+going+to+work+right+now%21" for 127.0.0.1 at 2017-02-13 12:55:30 +0000
Processing by CoachingController#answer as HTML
  Parameters: {"query"=>"I am going to work right now!"}
  Rendering coaching/answer.html.erb within layouts/application
  Rendered coaching/answer.html.erb within layouts/application (0.7ms)
Completed 200 OK in 35ms (Views: 34.1ms | ActiveRecord: 0.0ms)


Started GET "/answer?query=I+am+going+to+work+right+now%21" for 127.0.0.1 at 2017-02-13 12:55:40 +0000
Processing by CoachingController#answer as HTML
  Parameters: {"query"=>"I am going to work right now!"}
  Rendering coaching/answer.html.erb within layouts/application
  Rendered coaching/answer.html.erb within layouts/application (0.5ms)
Completed 200 OK in 31ms (Views: 29.8ms | ActiveRecord: 0.0ms)


Started GET "/answer?query=I+am+going+to+work+right+now%21" for 127.0.0.1 at 2017-02-13 12:56:01 +0000
Processing by CoachingController#answer as HTML
  Parameters: {"query"=>"I am going to work right now!"}
  Rendering coaching/answer.html.erb within layouts/application
  Rendered coaching/answer.html.erb within layouts/application (4.8ms)
Completed 200 OK in 260ms (Views: 252.3ms | ActiveRecord: 0.0ms)


Started GET "/answer?query=I+am+going+to+work+right+now%21" for 127.0.0.1 at 2017-02-13 12:58:54 +0000
Processing by CoachingController#answer as HTML
  Parameters: {"query"=>"I am going to work right now!"}
  Rendering coaching/answer.html.erb within layouts/application
  Rendered coaching/answer.html.erb within layouts/application (1.6ms)
Completed 200 OK in 95ms (Views: 90.5ms | ActiveRecord: 0.0ms)


Started GET "/answer?query=I+am+going+to+work+right+now%21" for 127.0.0.1 at 2017-02-13 12:58:56 +0000
Processing by CoachingController#answer as HTML
  Parameters: {"query"=>"I am going to work right now!"}
  Rendering coaching/answer.html.erb within layouts/application
  Rendered coaching/answer.html.erb within layouts/application (0.6ms)
Completed 200 OK in 33ms (Views: 31.2ms | ActiveRecord: 0.0ms)


Started GET "/answer?query=I+am+going+to+work+right+now%21" for 127.0.0.1 at 2017-02-13 12:59:06 +0000
Processing by CoachingController#answer as HTML
  Parameters: {"query"=>"I am going to work right now!"}
  Rendering coaching/answer.html.erb within layouts/application
  Rendered coaching/answer.html.erb within layouts/application (3.2ms)
Completed 200 OK in 273ms (Views: 264.7ms | ActiveRecord: 0.0ms)


Started GET "/answer?query=I+am+going+to+work+right+now%21" for 127.0.0.1 at 2017-02-13 12:59:31 +0000
Processing by CoachingController#answer as HTML
  Parameters: {"query"=>"I am going to work right now!"}
  Rendering coaching/answer.html.erb within layouts/application
  Rendered coaching/answer.html.erb within layouts/application (2.0ms)
Completed 200 OK in 121ms (Views: 116.8ms | ActiveRecord: 0.0ms)


Started GET "/answer?query=I+am+going+to+work+right+now%21" for 127.0.0.1 at 2017-02-13 12:59:33 +0000
Processing by CoachingController#answer as HTML
  Parameters: {"query"=>"I am going to work right now!"}
  Rendering coaching/answer.html.erb within layouts/application
  Rendered coaching/answer.html.erb within layouts/application (1.5ms)
Completed 200 OK in 33ms (Views: 32.2ms | ActiveRecord: 0.0ms)


Started GET "/answer?query=I+am+going+to+work+right+now%21" for 127.0.0.1 at 2017-02-13 12:59:33 +0000
Processing by CoachingController#answer as HTML
  Parameters: {"query"=>"I am going to work right now!"}
  Rendering coaching/answer.html.erb within layouts/application
  Rendered coaching/answer.html.erb within layouts/application (2.4ms)
Completed 200 OK in 47ms (Views: 45.5ms | ActiveRecord: 0.0ms)


Started GET "/answer?query=I+am+going+to+work+right+now%21" for 127.0.0.1 at 2017-02-13 12:59:42 +0000
Processing by CoachingController#answer as HTML
  Parameters: {"query"=>"I am going to work right now!"}
  Rendering coaching/answer.html.erb within layouts/application
  Rendered coaching/answer.html.erb within layouts/application (3.1ms)
Completed 200 OK in 269ms (Views: 259.5ms | ActiveRecord: 0.0ms)


Started GET "/answer?query=I+am+going+to+work+right+now%21" for 127.0.0.1 at 2017-02-13 13:03:43 +0000
Processing by CoachingController#answer as HTML
  Parameters: {"query"=>"I am going to work right now!"}
  Rendering coaching/answer.html.erb within layouts/application
  Rendered coaching/answer.html.erb within layouts/application (4.3ms)
Completed 200 OK in 74ms (Views: 69.3ms | ActiveRecord: 0.0ms)


Started GET "/answer?query=I+am+going+to+work+right+now%21" for 127.0.0.1 at 2017-02-13 13:26:51 +0000
Processing by CoachingController#answer as HTML
  Parameters: {"query"=>"I am going to work right now!"}
  Rendering coaching/answer.html.erb within layouts/application
  Rendered coaching/answer.html.erb within layouts/application (2.3ms)
Completed 200 OK in 94ms (Views: 90.0ms | ActiveRecord: 0.0ms)


Started GET "/ask" for 127.0.0.1 at 2017-02-13 13:27:39 +0000
Processing by CoachingController#ask as HTML
  Rendering coaching/ask.html.erb within layouts/application
  Rendered coaching/ask.html.erb within layouts/application (0.5ms)
Completed 200 OK in 62ms (Views: 60.8ms | ActiveRecord: 0.0ms)


Started GET "/ask" for 127.0.0.1 at 2017-02-13 13:28:07 +0000
Processing by CoachingController#ask as HTML
  Rendering coaching/ask.html.erb within layouts/application
  Rendered coaching/ask.html.erb within layouts/application (1.3ms)
Completed 200 OK in 149ms (Views: 143.8ms | ActiveRecord: 0.0ms)


Started GET "/ask" for 127.0.0.1 at 2017-02-13 13:28:18 +0000
Processing by CoachingController#ask as HTML
  Rendering coaching/ask.html.erb within layouts/application
  Rendered coaching/ask.html.erb within layouts/application (1.6ms)
Completed 200 OK in 69ms (Views: 65.6ms | ActiveRecord: 0.0ms)


Started GET "/ask" for 127.0.0.1 at 2017-02-13 13:28:58 +0000
Processing by CoachingController#ask as HTML
  Rendering coaching/ask.html.erb within layouts/application
  Rendered coaching/ask.html.erb within layouts/application (2.3ms)
Completed 200 OK in 55ms (Views: 49.5ms | ActiveRecord: 0.0ms)


Started GET "/ask" for 127.0.0.1 at 2017-02-13 13:30:51 +0000
Processing by CoachingController#ask as HTML
  Rendering coaching/ask.html.erb within layouts/application
  Rendered coaching/ask.html.erb within layouts/application (1.6ms)
Completed 200 OK in 37ms (Views: 32.9ms | ActiveRecord: 0.0ms)


Started GET "/ask" for 127.0.0.1 at 2017-02-13 13:31:04 +0000
Processing by CoachingController#ask as HTML
  Rendering coaching/ask.html.erb within layouts/application
  Rendered coaching/ask.html.erb within layouts/application (0.7ms)
Completed 200 OK in 50ms (Views: 46.1ms | ActiveRecord: 0.0ms)


Started GET "/ask" for 127.0.0.1 at 2017-02-13 13:31:22 +0000
Processing by CoachingController#ask as HTML
  Rendering coaching/ask.html.erb within layouts/application
  Rendered coaching/ask.html.erb within layouts/application (1.6ms)
Completed 200 OK in 44ms (Views: 38.7ms | ActiveRecord: 0.0ms)


Started GET "/ask" for 127.0.0.1 at 2017-02-13 13:31:47 +0000
Processing by CoachingController#ask as HTML
  Rendering coaching/ask.html.erb within layouts/application
  Rendered coaching/ask.html.erb within layouts/application (0.8ms)
Completed 200 OK in 43ms (Views: 37.5ms | ActiveRecord: 0.0ms)


Started GET "/ask" for 127.0.0.1 at 2017-02-13 13:31:49 +0000
Processing by CoachingController#ask as HTML
  Rendering coaching/ask.html.erb within layouts/application
  Rendered coaching/ask.html.erb within layouts/application (1.3ms)
Completed 200 OK in 46ms (Views: 41.7ms | ActiveRecord: 0.0ms)


Started GET "/ask" for 127.0.0.1 at 2017-02-13 13:32:00 +0000
Processing by CoachingController#ask as HTML
  Rendering coaching/ask.html.erb within layouts/application
  Rendered coaching/ask.html.erb within layouts/application (1.1ms)
Completed 200 OK in 43ms (Views: 38.8ms | ActiveRecord: 0.0ms)


Started GET "/ask" for 127.0.0.1 at 2017-02-13 13:32:22 +0000
Processing by CoachingController#ask as HTML
  Rendering coaching/ask.html.erb within layouts/application
  Rendered coaching/ask.html.erb within layouts/application (1.0ms)
Completed 200 OK in 41ms (Views: 35.6ms | ActiveRecord: 0.0ms)


Started GET "/ask" for 127.0.0.1 at 2017-02-13 13:32:51 +0000
Processing by CoachingController#ask as HTML
  Rendering coaching/ask.html.erb within layouts/application
  Rendered coaching/ask.html.erb within layouts/application (0.8ms)
Completed 200 OK in 39ms (Views: 34.4ms | ActiveRecord: 0.0ms)


Started GET "/ask" for 127.0.0.1 at 2017-02-13 13:33:39 +0000
Processing by CoachingController#ask as HTML
  Rendering coaching/ask.html.erb within layouts/application
  Rendered coaching/ask.html.erb within layouts/application (0.4ms)
Completed 200 OK in 31ms (Views: 29.8ms | ActiveRecord: 0.0ms)


Started GET "/ask" for 127.0.0.1 at 2017-02-13 13:34:10 +0000
Processing by CoachingController#ask as HTML
  Rendering coaching/ask.html.erb within layouts/application
  Rendered coaching/ask.html.erb within layouts/application (1.8ms)
Completed 200 OK in 81ms (Views: 73.9ms | ActiveRecord: 0.0ms)


Started GET "/ask" for 127.0.0.1 at 2017-02-13 13:35:43 +0000
Processing by CoachingController#ask as HTML
  Rendering coaching/ask.html.erb within layouts/application
  Rendered coaching/ask.html.erb within layouts/application (0.8ms)
Completed 200 OK in 35ms (Views: 31.6ms | ActiveRecord: 0.0ms)


Started GET "/ask" for 127.0.0.1 at 2017-02-13 13:36:47 +0000
Processing by CoachingController#ask as HTML
  Rendering coaching/ask.html.erb within layouts/application
  Rendered coaching/ask.html.erb within layouts/application (0.9ms)
Completed 200 OK in 43ms (Views: 38.0ms | ActiveRecord: 0.0ms)


Started GET "/ask" for 127.0.0.1 at 2017-02-13 13:36:50 +0000
Processing by CoachingController#ask as HTML
  Rendering coaching/ask.html.erb within layouts/application
  Rendered coaching/ask.html.erb within layouts/application (3.3ms)
Completed 200 OK in 46ms (Views: 41.3ms | ActiveRecord: 0.0ms)


Started GET "/ask" for 127.0.0.1 at 2017-02-13 13:37:58 +0000
Processing by CoachingController#ask as HTML
  Rendering coaching/ask.html.erb within layouts/application
  Rendered coaching/ask.html.erb within layouts/application (1.1ms)
Completed 200 OK in 53ms (Views: 48.5ms | ActiveRecord: 0.0ms)


Started GET "/ask" for 127.0.0.1 at 2017-02-13 13:38:19 +0000
Processing by CoachingController#ask as HTML
  Rendering coaching/ask.html.erb within layouts/application
  Rendered coaching/ask.html.erb within layouts/application (0.6ms)
Completed 200 OK in 35ms (Views: 33.6ms | ActiveRecord: 0.0ms)


Started GET "/ask" for 127.0.0.1 at 2017-02-13 13:38:48 +0000
Processing by CoachingController#ask as HTML
  Rendering coaching/ask.html.erb within layouts/application
  Rendered coaching/ask.html.erb within layouts/application (0.3ms)
Completed 200 OK in 31ms (Views: 26.8ms | ActiveRecord: 0.0ms)


Started GET "/ask" for 127.0.0.1 at 2017-02-13 13:40:50 +0000
Processing by CoachingController#ask as HTML
  Rendering coaching/ask.html.erb within layouts/application
  Rendered coaching/ask.html.erb within layouts/application (0.8ms)
Completed 200 OK in 36ms (Views: 32.2ms | ActiveRecord: 0.0ms)


Started GET "/ask" for 127.0.0.1 at 2017-02-13 13:42:03 +0000
Processing by CoachingController#ask as HTML
  Rendering coaching/ask.html.erb within layouts/application
  Rendered coaching/ask.html.erb within layouts/application (0.7ms)
Completed 200 OK in 50ms (Views: 46.6ms | ActiveRecord: 0.0ms)


Started GET "/ask" for 127.0.0.1 at 2017-02-13 13:42:19 +0000
Processing by CoachingController#ask as HTML
  Rendering coaching/ask.html.erb within layouts/application
  Rendered coaching/ask.html.erb within layouts/application (0.5ms)
Completed 200 OK in 34ms (Views: 30.3ms | ActiveRecord: 0.0ms)


Started GET "/ask" for 127.0.0.1 at 2017-02-13 13:45:44 +0000
Processing by CoachingController#ask as HTML
  Rendering coaching/ask.html.erb within layouts/application
  Rendered coaching/ask.html.erb within layouts/application (1.0ms)
Completed 200 OK in 41ms (Views: 35.5ms | ActiveRecord: 0.0ms)


Started GET "/ask" for 127.0.0.1 at 2017-02-13 13:45:46 +0000
Processing by CoachingController#ask as HTML
  Rendering coaching/ask.html.erb within layouts/application
  Rendered coaching/ask.html.erb within layouts/application (0.4ms)
Completed 200 OK in 31ms (Views: 29.2ms | ActiveRecord: 0.0ms)


Started GET "/ask" for 127.0.0.1 at 2017-02-13 13:46:20 +0000
Processing by CoachingController#ask as HTML
  Rendering coaching/ask.html.erb within layouts/application
  Rendered coaching/ask.html.erb within layouts/application (0.7ms)
Completed 200 OK in 41ms (Views: 34.9ms | ActiveRecord: 0.0ms)


Started GET "/ask" for 127.0.0.1 at 2017-02-13 13:46:56 +0000
Processing by CoachingController#ask as HTML
  Rendering coaching/ask.html.erb within layouts/application
  Rendered coaching/ask.html.erb within layouts/application (1.1ms)
Completed 200 OK in 98ms (Views: 93.9ms | ActiveRecord: 0.0ms)


Started GET "/ask" for 127.0.0.1 at 2017-02-13 13:47:14 +0000
Processing by CoachingController#ask as HTML
  Rendering coaching/ask.html.erb within layouts/application
  Rendered coaching/ask.html.erb within layouts/application (1.1ms)
Completed 200 OK in 46ms (Views: 41.3ms | ActiveRecord: 0.0ms)


Started GET "/ask" for 127.0.0.1 at 2017-02-13 14:41:05 +0000
Started GET "/ask" for 127.0.0.1 at 2017-02-13 14:41:05 +0000
Processing by CoachingController#ask as HTML
Processing by CoachingController#ask as HTML
  Rendering coaching/ask.html.erb within layouts/application
  Rendering coaching/ask.html.erb within layouts/application
  Rendered coaching/ask.html.erb within layouts/application (1.1ms)
  Rendered coaching/ask.html.erb within layouts/application (0.0ms)
Completed 200 OK in 589ms (Views: 580.0ms | ActiveRecord: 0.0ms)


Completed 200 OK in 594ms (Views: 582.1ms | ActiveRecord: 0.0ms)


Started GET "/ask" for 127.0.0.1 at 2017-02-13 14:41:56 +0000
Processing by CoachingController#ask as HTML
  Rendering coaching/ask.html.erb within layouts/application
  Rendered coaching/ask.html.erb within layouts/application (1.1ms)
Completed 200 OK in 72ms (Views: 67.2ms | ActiveRecord: 0.0ms)


Started GET "/ask" for 127.0.0.1 at 2017-02-13 14:41:58 +0000
Processing by CoachingController#ask as HTML
  Rendering coaching/ask.html.erb within layouts/application
  Rendered coaching/ask.html.erb within layouts/application (0.4ms)
Completed 200 OK in 29ms (Views: 27.5ms | ActiveRecord: 0.0ms)


Started GET "/ask" for 127.0.0.1 at 2017-02-13 14:42:06 +0000
Processing by CoachingController#ask as HTML
  Rendering coaching/ask.html.erb within layouts/application
  Rendered coaching/ask.html.erb within layouts/application (0.6ms)
Completed 200 OK in 39ms (Views: 35.8ms | ActiveRecord: 0.0ms)


Started GET "/ask" for 127.0.0.1 at 2017-02-13 14:42:45 +0000
Processing by CoachingController#ask as HTML
  Rendering coaching/ask.html.erb within layouts/application
  Rendered coaching/ask.html.erb within layouts/application (0.4ms)
Completed 200 OK in 17ms (Views: 14.1ms | ActiveRecord: 0.0ms)


Started GET "/ask" for 127.0.0.1 at 2017-02-13 14:43:06 +0000
Processing by CoachingController#ask as HTML
  Rendering coaching/ask.html.erb within layouts/application
  Rendered coaching/ask.html.erb within layouts/application (0.3ms)
Completed 200 OK in 22ms (Views: 20.8ms | ActiveRecord: 0.0ms)


Started GET "/ask" for 127.0.0.1 at 2017-02-13 14:44:09 +0000
Processing by CoachingController#ask as HTML
  Rendering coaching/ask.html.erb within layouts/application
  Rendered coaching/ask.html.erb within layouts/application (1.0ms)
Completed 200 OK in 84ms (Views: 80.3ms | ActiveRecord: 0.0ms)


Started GET "/answer?query=Kill+yourself%3F" for 127.0.0.1 at 2017-02-13 14:44:17 +0000
Processing by CoachingController#answer as HTML
  Parameters: {"query"=>"Kill yourself?"}
  Rendering coaching/answer.html.erb within layouts/application
  Rendered coaching/answer.html.erb within layouts/application (2.6ms)
Completed 200 OK in 38ms (Views: 35.5ms | ActiveRecord: 0.0ms)


Started GET "/answer?query=Kill+yourself%3F" for 127.0.0.1 at 2017-02-13 14:47:59 +0000
Processing by CoachingController#answer as HTML
  Parameters: {"query"=>"Kill yourself?"}
  Rendering coaching/answer.html.erb within layouts/application
  Rendered coaching/answer.html.erb within layouts/application (2.0ms)
Completed 200 OK in 27ms (Views: 26.1ms | ActiveRecord: 0.0ms)


Started GET "/answer?query=Kill+yourself%3F" for 127.0.0.1 at 2017-02-13 14:49:25 +0000
Processing by CoachingController#answer as HTML
  Parameters: {"query"=>"Kill yourself?"}
  Rendering coaching/answer.html.erb within layouts/application
  Rendered coaching/answer.html.erb within layouts/application (0.6ms)
Completed 200 OK in 31ms (Views: 29.9ms | ActiveRecord: 0.0ms)


Started GET "/answer?query=Kill+yourself%3F" for 127.0.0.1 at 2017-02-13 14:50:10 +0000
Processing by CoachingController#answer as HTML
  Parameters: {"query"=>"Kill yourself?"}
  Rendering coaching/answer.html.erb within layouts/application
  Rendered coaching/answer.html.erb within layouts/application (0.8ms)
Completed 200 OK in 24ms (Views: 22.1ms | ActiveRecord: 0.0ms)


Started GET "/answer?query=Kill+yourself%3F" for 127.0.0.1 at 2017-02-13 14:54:30 +0000
Processing by CoachingController#answer as HTML
  Parameters: {"query"=>"Kill yourself?"}
  Rendering coaching/answer.html.erb within layouts/application
  Rendered coaching/answer.html.erb within layouts/application (2.3ms)
Completed 200 OK in 40ms (Views: 36.6ms | ActiveRecord: 0.0ms)


Started GET "/answer?query=Kill+yourself%3F" for 127.0.0.1 at 2017-02-13 14:54:32 +0000
Processing by CoachingController#answer as HTML
  Parameters: {"query"=>"Kill yourself?"}
  Rendering coaching/answer.html.erb within layouts/application
  Rendered coaching/answer.html.erb within layouts/application (0.9ms)
Completed 200 OK in 22ms (Views: 21.1ms | ActiveRecord: 0.0ms)


Started GET "/answer?query=Kill+yourself%3F" for 127.0.0.1 at 2017-02-13 14:54:53 +0000
Processing by CoachingController#answer as HTML
  Parameters: {"query"=>"Kill yourself?"}
  Rendering coaching/answer.html.erb within layouts/application
  Rendered coaching/answer.html.erb within layouts/application (1.7ms)
Completed 200 OK in 41ms (Views: 36.9ms | ActiveRecord: 0.0ms)


Started GET "/answer?query=Kill+yourself%3F" for 127.0.0.1 at 2017-02-13 14:55:13 +0000
Processing by CoachingController#answer as HTML
  Parameters: {"query"=>"Kill yourself?"}
  Rendering coaching/answer.html.erb within layouts/application
  Rendered coaching/answer.html.erb within layouts/application (4.8ms)
Completed 200 OK in 263ms (Views: 255.9ms | ActiveRecord: 0.0ms)


Started GET "/answer?query=Kill+yourself%3F" for 127.0.0.1 at 2017-02-13 14:55:41 +0000
Processing by CoachingController#answer as HTML
  Parameters: {"query"=>"Kill yourself?"}
  Rendering coaching/answer.html.erb within layouts/application
  Rendered coaching/answer.html.erb within layouts/application (0.8ms)
Completed 200 OK in 54ms (Views: 52.0ms | ActiveRecord: 0.0ms)


Started GET "/answer?query=Kill+yourself%3F" for 127.0.0.1 at 2017-02-13 14:55:44 +0000
Processing by CoachingController#answer as HTML
  Parameters: {"query"=>"Kill yourself?"}
  Rendering coaching/answer.html.erb within layouts/application
  Rendered coaching/answer.html.erb within layouts/application (0.8ms)
Completed 200 OK in 34ms (Views: 32.6ms | ActiveRecord: 0.0ms)


Started GET "/answer?query=Kill+yourself%3F" for 127.0.0.1 at 2017-02-13 14:55:54 +0000
Processing by CoachingController#answer as HTML
  Parameters: {"query"=>"Kill yourself?"}
  Rendering coaching/answer.html.erb within layouts/application
  Rendered coaching/answer.html.erb within layouts/application (2.7ms)
Completed 200 OK in 85ms (Views: 79.7ms | ActiveRecord: 0.0ms)


Started GET "/answer?query=Kill+yourself%3F" for 127.0.0.1 at 2017-02-13 14:55:57 +0000
Processing by CoachingController#answer as HTML
  Parameters: {"query"=>"Kill yourself?"}
  Rendering coaching/answer.html.erb within layouts/application
  Rendered coaching/answer.html.erb within layouts/application (2.0ms)
Completed 200 OK in 40ms (Views: 36.9ms | ActiveRecord: 0.0ms)


Started GET "/answer?query=Kill+yourself%3F" for 127.0.0.1 at 2017-02-13 14:55:57 +0000
Processing by CoachingController#answer as HTML
  Parameters: {"query"=>"Kill yourself?"}
  Rendering coaching/answer.html.erb within layouts/application
  Rendered coaching/answer.html.erb within layouts/application (0.5ms)
Completed 200 OK in 33ms (Views: 31.7ms | ActiveRecord: 0.0ms)


Started GET "/answer?query=Kill+yourself%3F" for 127.0.0.1 at 2017-02-13 14:55:57 +0000
Processing by CoachingController#answer as HTML
  Parameters: {"query"=>"Kill yourself?"}
  Rendering coaching/answer.html.erb within layouts/application
  Rendered coaching/answer.html.erb within layouts/application (3.2ms)
Completed 200 OK in 72ms (Views: 69.3ms | ActiveRecord: 0.0ms)


Started GET "/answer?query=Kill+yourself%3F" for 127.0.0.1 at 2017-02-13 14:55:57 +0000
Processing by CoachingController#answer as HTML
  Parameters: {"query"=>"Kill yourself?"}
  Rendering coaching/answer.html.erb within layouts/application
  Rendered coaching/answer.html.erb within layouts/application (1.9ms)
Completed 200 OK in 77ms (Views: 73.3ms | ActiveRecord: 0.0ms)


Started GET "/answer?query=Kill+yourself%3F" for 127.0.0.1 at 2017-02-13 14:57:04 +0000
Processing by CoachingController#answer as HTML
  Parameters: {"query"=>"Kill yourself?"}
  Rendering coaching/answer.html.erb within layouts/application
  Rendered coaching/answer.html.erb within layouts/application (2.2ms)
Completed 200 OK in 41ms (Views: 37.3ms | ActiveRecord: 0.0ms)


Started GET "/answer?query=Kill+yourself%3F" for 127.0.0.1 at 2017-02-13 14:57:15 +0000
Processing by CoachingController#answer as HTML
  Parameters: {"query"=>"Kill yourself?"}
  Rendering coaching/answer.html.erb within layouts/application
  Rendered coaching/answer.html.erb within layouts/application (1.3ms)
Completed 200 OK in 22ms (Views: 21.2ms | ActiveRecord: 0.0ms)


Started GET "/answer?query=Kill+yourself%3F" for 127.0.0.1 at 2017-02-13 14:57:27 +0000
Processing by CoachingController#answer as HTML
  Parameters: {"query"=>"Kill yourself?"}
  Rendering coaching/answer.html.erb within layouts/application
  Rendered coaching/answer.html.erb within layouts/application (0.7ms)
Completed 200 OK in 37ms (Views: 35.9ms | ActiveRecord: 0.0ms)


Started GET "/answer?query=Kill+yourself%3F" for 127.0.0.1 at 2017-02-13 14:57:42 +0000
Processing by CoachingController#answer as HTML
  Parameters: {"query"=>"Kill yourself?"}
  Rendering coaching/answer.html.erb within layouts/application
  Rendered coaching/answer.html.erb within layouts/application (0.7ms)
Completed 200 OK in 33ms (Views: 32.1ms | ActiveRecord: 0.0ms)


Started GET "/answer?query=Kill+yourself%3F" for 127.0.0.1 at 2017-02-13 14:58:49 +0000
Processing by CoachingController#answer as HTML
  Parameters: {"query"=>"Kill yourself?"}
  Rendering coaching/answer.html.erb within layouts/application
  Rendered coaching/answer.html.erb within layouts/application (1.6ms)
Completed 200 OK in 88ms (Views: 84.1ms | ActiveRecord: 0.0ms)


Started GET "/answer?query=Kill+yourself%3F" for 127.0.0.1 at 2017-02-13 14:58:51 +0000
Processing by CoachingController#answer as HTML
  Parameters: {"query"=>"Kill yourself?"}
  Rendering coaching/answer.html.erb within layouts/application
  Rendered coaching/answer.html.erb within layouts/application (2.6ms)
Completed 200 OK in 69ms (Views: 65.2ms | ActiveRecord: 0.0ms)


Started GET "/answer?query=Kill+yourself%3F" for 127.0.0.1 at 2017-02-13 15:00:45 +0000
Processing by CoachingController#answer as HTML
  Parameters: {"query"=>"Kill yourself?"}
  Rendering coaching/answer.html.erb within layouts/application
  Rendered coaching/answer.html.erb within layouts/application (3.0ms)
Completed 200 OK in 39ms (Views: 36.3ms | ActiveRecord: 0.0ms)


Started GET "/answer?query=Kill+yourself%3F" for 127.0.0.1 at 2017-02-13 15:02:22 +0000
Processing by CoachingController#answer as HTML
  Parameters: {"query"=>"Kill yourself?"}
  Rendering coaching/answer.html.erb within layouts/application
  Rendered coaching/answer.html.erb within layouts/application (2.5ms)
Completed 200 OK in 39ms (Views: 36.0ms | ActiveRecord: 0.0ms)


Started GET "/answer?query=Kill+yourself%3F" for 127.0.0.1 at 2017-02-13 15:02:35 +0000
Processing by CoachingController#answer as HTML
  Parameters: {"query"=>"Kill yourself?"}
  Rendering coaching/answer.html.erb within layouts/application
  Rendered coaching/answer.html.erb within layouts/application (1.2ms)
Completed 200 OK in 41ms (Views: 37.7ms | ActiveRecord: 0.0ms)


Started GET "/answer?query=Kill+yourself%3F" for 127.0.0.1 at 2017-02-13 15:02:37 +0000
Processing by CoachingController#answer as HTML
  Parameters: {"query"=>"Kill yourself?"}
  Rendering coaching/answer.html.erb within layouts/application
  Rendered coaching/answer.html.erb within layouts/application (3.4ms)
Completed 200 OK in 49ms (Views: 47.9ms | ActiveRecord: 0.0ms)


Started GET "/answer?query=Kill+yourself%3F" for 127.0.0.1 at 2017-02-13 15:02:50 +0000
Processing by CoachingController#answer as HTML
  Parameters: {"query"=>"Kill yourself?"}
  Rendering coaching/answer.html.erb within layouts/application
  Rendered coaching/answer.html.erb within layouts/application (2.1ms)
Completed 200 OK in 44ms (Views: 40.9ms | ActiveRecord: 0.0ms)


Started GET "/answer?query=Kill+yourself%3F" for 127.0.0.1 at 2017-02-13 15:02:53 +0000
Processing by CoachingController#answer as HTML
  Parameters: {"query"=>"Kill yourself?"}
  Rendering coaching/answer.html.erb within layouts/application
  Rendered coaching/answer.html.erb within layouts/application (1.7ms)
Completed 200 OK in 77ms (Views: 73.0ms | ActiveRecord: 0.0ms)


Started GET "/answer?query=Kill+yourself%3F" for 127.0.0.1 at 2017-02-13 15:03:00 +0000
Processing by CoachingController#answer as HTML
  Parameters: {"query"=>"Kill yourself?"}
  Rendering coaching/answer.html.erb within layouts/application
  Rendered coaching/answer.html.erb within layouts/application (1.8ms)
Completed 200 OK in 43ms (Views: 39.4ms | ActiveRecord: 0.0ms)


Started GET "/answer?query=Kill+yourself%3F" for 127.0.0.1 at 2017-02-13 15:04:27 +0000
Processing by CoachingController#answer as HTML
  Parameters: {"query"=>"Kill yourself?"}
  Rendering coaching/answer.html.erb within layouts/application
  Rendered coaching/answer.html.erb within layouts/application (2.4ms)
Completed 200 OK in 43ms (Views: 39.3ms | ActiveRecord: 0.0ms)


Started GET "/answer?query=Kill+yourself%3F" for 127.0.0.1 at 2017-02-13 15:04:41 +0000
Processing by CoachingController#answer as HTML
  Parameters: {"query"=>"Kill yourself?"}
  Rendering coaching/answer.html.erb within layouts/application
  Rendered coaching/answer.html.erb within layouts/application (2.4ms)
Completed 200 OK in 45ms (Views: 41.9ms | ActiveRecord: 0.0ms)


Started GET "/answer?query=Kill+yourself%3F" for 127.0.0.1 at 2017-02-13 15:05:04 +0000
Processing by CoachingController#answer as HTML
  Parameters: {"query"=>"Kill yourself?"}
  Rendering coaching/answer.html.erb within layouts/application
  Rendered coaching/answer.html.erb within layouts/application (4.1ms)
Completed 200 OK in 50ms (Views: 46.4ms | ActiveRecord: 0.0ms)


